# JRE version: OpenJDK Runtime Environment (7.0_91-b02) (build 1.7.0_91-b02)
# Java VM: OpenJDK Server VM (24.91-b01 mixed mode linux-x86 )
Heap
 PSYoungGen      total 150784K, used 10054K [0x9dd40000, 0xae1c0000, 0xb32c0000)
  eden space 128512K, 7% used [0x9dd40000,0x9e711bf0,0xa5ac0000)
  from space 22272K, 0% used [0xa5ac0000,0xa5ac0000,0xa7080000)
  to   space 30464K, 0% used [0xac400000,0xac400000,0xae1c0000)
 ParOldGen       total 78848K, used 42171K [0x732c0000, 0x77fc0000, 0x9dd40000)
  object space 78848K, 53% used [0x732c0000,0x75beec38,0x77fc0000)
 PSPermGen       total 16384K, used 4488K [0x6b2c0000, 0x6c2c0000, 0x732c0000)
  object space 16384K, 27% used [0x6b2c0000,0x6b7221b0,0x6c2c0000)
GC Heap History (10 events):
Event: 8,214 GC heap before
{Heap before GC invocations=6 (full 0):
 PSYoungGen      total 36352K, used 36346K [0x9dd40000, 0xa3540000, 0xb32c0000)
  eden space 33792K, 100% used [0x9dd40000,0x9fe40000,0x9fe40000)
  from space 2560K, 99% used [0x9fe40000,0xa00beb70,0xa00c0000)
  to   space 11264K, 0% used [0xa2a40000,0xa2a40000,0xa3540000)
 ParOldGen       total 43520K, used 19006K [0x732c0000, 0x75d40000, 0x9dd40000)
  object space 43520K, 43% used [0x732c0000,0x7454fa90,0x75d40000)
 PSPermGen       total 16384K, used 4205K [0x6b2c0000, 0x6c2c0000, 0x732c0000)
  object space 16384K, 25% used [0x6b2c0000,0x6b6db588,0x6c2c0000)
Event: 8,263 GC heap after
Heap after GC invocations=6 (full 0):
 PSYoungGen      total 78080K, used 9036K [0x9dd40000, 0xa36c0000, 0xb32c0000)
  eden space 66816K, 0% used [0x9dd40000,0x9dd40000,0xa1e80000)
  from space 11264K, 80% used [0xa2a40000,0xa3313060,0xa3540000)
  to   space 12032K, 0% used [0xa1e80000,0xa1e80000,0xa2a40000)
 ParOldGen       total 43520K, used 19006K [0x732c0000, 0x75d40000, 0x9dd40000)
  object space 43520K, 43% used [0x732c0000,0x7454fa90,0x75d40000)
 PSPermGen       total 16384K, used 4205K [0x6b2c0000, 0x6c2c0000, 0x732c0000)
  object space 16384K, 25% used [0x6b2c0000,0x6b6db588,0x6c2c0000)
}
Event: 11,061 GC heap before
{Heap before GC invocations=7 (full 0):
 PSYoungGen      total 78080K, used 75852K [0x9dd40000, 0xa36c0000, 0xb32c0000)
  eden space 66816K, 100% used [0x9dd40000,0xa1e80000,0xa1e80000)
  from space 11264K, 80% used [0xa2a40000,0xa3313060,0xa3540000)
  to   space 12032K, 0% used [0xa1e80000,0xa1e80000,0xa2a40000)
 ParOldGen       total 43520K, used 19006K [0x732c0000, 0x75d40000, 0x9dd40000)
  object space 43520K, 43% used [0x732c0000,0x7454fa90,0x75d40000)
 PSPermGen       total 16384K, used 4228K [0x6b2c0000, 0x6c2c0000, 0x732c0000)
  object space 16384K, 25% used [0x6b2c0000,0x6b6e10d8,0x6c2c0000)
Event: 11,161 GC heap after
Heap after GC invocations=7 (full 0):
 PSYoungGen      total 78848K, used 12030K [0x9dd40000, 0xa8140000, 0xb32c0000)
  eden space 66816K, 0% used [0x9dd40000,0x9dd40000,0xa1e80000)
  from space 12032K, 99% used [0xa1e80000,0xa2a3faa8,0xa2a40000)
  to   space 17152K, 0% used [0xa7080000,0xa7080000,0xa8140000)
 ParOldGen       total 43520K, used 25474K [0x732c0000, 0x75d40000, 0x9dd40000)
  object space 43520K, 58% used [0x732c0000,0x74ba09f8,0x75d40000)
 PSPermGen       total 16384K, used 4228K [0x6b2c0000, 0x6c2c0000, 0x732c0000)
  object space 16384K, 25% used [0x6b2c0000,0x6b6e10d8,0x6c2c0000)
}
Event: 14,025 GC heap before
{Heap before GC invocations=8 (full 0):
 PSYoungGen      total 78848K, used 78846K [0x9dd40000, 0xa8140000, 0xb32c0000)
  eden space 66816K, 100% used [0x9dd40000,0xa1e80000,0xa1e80000)
  from space 12032K, 99% used [0xa1e80000,0xa2a3faa8,0xa2a40000)
  to   space 17152K, 0% used [0xa7080000,0xa7080000,0xa8140000)
 ParOldGen       total 43520K, used 25474K [0x732c0000, 0x75d40000, 0x9dd40000)
  object space 43520K, 58% used [0x732c0000,0x74ba09f8,0x75d40000)
 PSPermGen       total 16384K, used 4246K [0x6b2c0000, 0x6c2c0000, 0x732c0000)
  object space 16384K, 25% used [0x6b2c0000,0x6b6e59f8,0x6c2c0000)
Event: 14,134 GC heap after
Heap after GC invocations=8 (full 0):
 PSYoungGen      total 145664K, used 17142K [0x9dd40000, 0xa8b40000, 0xb32c0000)
  eden space 128512K, 0% used [0x9dd40000,0x9dd40000,0xa5ac0000)
  from space 17152K, 99% used [0xa7080000,0xa813da20,0xa8140000)
  to   space 22272K, 0% used [0xa5ac0000,0xa5ac0000,0xa7080000)
 ParOldGen       total 43520K, used 30735K [0x732c0000, 0x75d40000, 0x9dd40000)
  object space 43520K, 70% used [0x732c0000,0x750c3f20,0x75d40000)
 PSPermGen       total 16384K, used 4246K [0x6b2c0000, 0x6c2c0000, 0x732c0000)
  object space 16384K, 25% used [0x6b2c0000,0x6b6e59f8,0x6c2c0000)
}
Event: 26,360 GC heap before
{Heap before GC invocations=9 (full 0):
 PSYoungGen      total 145664K, used 145654K [0x9dd40000, 0xa8b40000, 0xb32c0000)
  eden space 128512K, 100% used [0x9dd40000,0xa5ac0000,0xa5ac0000)
  from space 17152K, 99% used [0xa7080000,0xa813da20,0xa8140000)
  to   space 22272K, 0% used [0xa5ac0000,0xa5ac0000,0xa7080000)
 ParOldGen       total 43520K, used 30735K [0x732c0000, 0x75d40000, 0x9dd40000)
  object space 43520K, 70% used [0x732c0000,0x750c3f20,0x75d40000)
 PSPermGen       total 16384K, used 4429K [0x6b2c0000, 0x6c2c0000, 0x732c0000)
  object space 16384K, 27% used [0x6b2c0000,0x6b713620,0x6c2c0000)
Event: 26,462 GC heap after
Heap after GC invocations=9 (full 0):
 PSYoungGen      total 150784K, used 22262K [0x9dd40000, 0xae1c0000, 0xb32c0000)
  eden space 128512K, 0% used [0x9dd40000,0x9dd40000,0xa5ac0000)
  from space 22272K, 99% used [0xa5ac0000,0xa707db20,0xa7080000)
  to   space 30464K, 0% used [0xac400000,0xac400000,0xae1c0000)
 ParOldGen       total 43520K, used 42140K [0x732c0000, 0x75d40000, 0x9dd40000)
  object space 43520K, 96% used [0x732c0000,0x75be71d0,0x75d40000)
 PSPermGen       total 16384K, used 4429K [0x6b2c0000, 0x6c2c0000, 0x732c0000)
  object space 16384K, 27% used [0x6b2c0000,0x6b713620,0x6c2c0000)
}
Event: 26,462 GC heap before
{Heap before GC invocations=10 (full 1):
 PSYoungGen      total 150784K, used 22262K [0x9dd40000, 0xae1c0000, 0xb32c0000)
  eden space 128512K, 0% used [0x9dd40000,0x9dd40000,0xa5ac0000)
  from space 22272K, 99% used [0xa5ac0000,0xa707db20,0xa7080000)
  to   space 30464K, 0% used [0xac400000,0xac400000,0xae1c0000)
 ParOldGen       total 43520K, used 42140K [0x732c0000, 0x75d40000, 0x9dd40000)
  object space 43520K, 96% used [0x732c0000,0x75be71d0,0x75d40000)
 PSPermGen       total 16384K, used 4429K [0x6b2c0000, 0x6c2c0000, 0x732c0000)
  object space 16384K, 27% used [0x6b2c0000,0x6b713620,0x6c2c0000)
Event: 27,103 GC heap after
Heap after GC invocations=10 (full 1):
 PSYoungGen      total 150784K, used 0K [0x9dd40000, 0xae1c0000, 0xb32c0000)
  eden space 128512K, 0% used [0x9dd40000,0x9dd40000,0xa5ac0000)
  from space 22272K, 0% used [0xa5ac0000,0xa5ac0000,0xa7080000)
  to   space 30464K, 0% used [0xac400000,0xac400000,0xae1c0000)
 ParOldGen       total 78848K, used 42171K [0x732c0000, 0x77fc0000, 0x9dd40000)
  object space 78848K, 53% used [0x732c0000,0x75beec38,0x77fc0000)
 PSPermGen       total 16384K, used 4426K [0x6b2c0000, 0x6c2c0000, 0x732c0000)
  object space 16384K, 27% used [0x6b2c0000,0x6b712bf0,0x6c2c0000)
}

